<?xml version="1.0" encoding="UTF-8"?>
<!-- Generated by org.testng.reporters.JUnitReportReporter -->
<testsuite skipped="0" hostname="Antonio-PC" name="testCases.TestCase1" tests="2" failures="0" timestamp="29 apr 2019 11:26:05 GMT" time="0.000" errors="0">
  <testcase name="doUserReg" time="0.000" classname="testCases.TestCase1"/>
  <testcase name="doLogin" time="0.000" classname="testCases.TestCase1"/>
</testsuite> <!-- testCases.TestCase1 -->
