<?xml version="1.0" encoding="UTF-8"?>
<!-- Generated by org.testng.reporters.JUnitReportReporter -->
<testsuite skipped="0" hostname="Antonio-PC" name="parameterization.TestNGParameterizationExcel" tests="3" failures="0" timestamp="30 apr 2019 12:11:16 GMT" time="0.010" errors="0">
  <testcase name="testData" time="0.010" classname="parameterization.TestNGParameterizationExcel"/>
  <testcase name="testData" time="0.000" classname="parameterization.TestNGParameterizationExcel"/>
  <testcase name="testData" time="0.000" classname="parameterization.TestNGParameterizationExcel"/>
</testsuite> <!-- parameterization.TestNGParameterizationExcel -->
