<?xml version="1.0" encoding="UTF-8"?>
<!-- Generated by org.testng.reporters.JUnitReportReporter -->
<testsuite skipped="0" hostname="Antonio-PC" name="parameterization.TestParameterization" tests="3" failures="0" timestamp="29 apr 2019 13:35:05 GMT" time="0.016" errors="0">
  <testcase name="doLogin" time="0.000" classname="parameterization.TestParameterization"/>
  <testcase name="doLogin" time="0.000" classname="parameterization.TestParameterization"/>
  <testcase name="doLogin" time="0.016" classname="parameterization.TestParameterization"/>
</testsuite> <!-- parameterization.TestParameterization -->
